  Base.cpp
  Enemy.cpp
  EnemyManager.cpp
  Game.cpp
  Text.cpp
  main.cpp
D:\RPGgame\RPG\ゲーム\Project\GameProject\main.cpp(117,42): warning C4244: '引数': 'int' から 'float' への変換です。データが失われる可能性があります。
D:\RPGgame\RPG\ゲーム\Project\GameProject\main.cpp(117,39): warning C4244: '引数': 'int' から 'float' への変換です。データが失われる可能性があります。
  AreaChange.cpp
  fmfmap.cpp
  Fuda.cpp
  kaisou.cpp
  Map.cpp
D:\RPGgame\RPG\ゲーム\Project\GameProject\Maptip\Map.cpp(28,30): warning C4244: '引数': 'int' から 'float' への変換です。データが失われる可能性があります。
D:\RPGgame\RPG\ゲーム\Project\GameProject\Maptip\Map.cpp(27,29): warning C4244: '引数': 'int' から 'float' への変換です。データが失われる可能性があります。
D:\RPGgame\RPG\ゲーム\Project\GameProject\Maptip\Map.cpp(26,30): warning C4244: '引数': 'int' から 'float' への変換です。データが失われる可能性があります。
D:\RPGgame\RPG\ゲーム\Project\GameProject\Maptip\Map.cpp(25,34): warning C4244: '引数': 'int' から 'float' への変換です。データが失われる可能性があります。
D:\RPGgame\RPG\ゲーム\Project\GameProject\Maptip\Map.cpp(30,30): warning C4244: '引数': 'int' から 'float' への変換です。データが失われる可能性があります。
D:\RPGgame\RPG\ゲーム\Project\GameProject\Maptip\Map.cpp(29,38): warning C4244: '引数': 'int' から 'float' への変換です。データが失われる可能性があります。
D:\RPGgame\RPG\ゲーム\Project\GameProject\Maptip\Map.cpp(37,30): warning C4244: '引数': 'int' から 'float' への変換です。データが失われる可能性があります。
D:\RPGgame\RPG\ゲーム\Project\GameProject\Maptip\Map.cpp(36,29): warning C4244: '引数': 'int' から 'float' への変換です。データが失われる可能性があります。
D:\RPGgame\RPG\ゲーム\Project\GameProject\Maptip\Map.cpp(35,30): warning C4244: '引数': 'int' から 'float' への変換です。データが失われる可能性があります。
D:\RPGgame\RPG\ゲーム\Project\GameProject\Maptip\Map.cpp(34,34): warning C4244: '引数': 'int' から 'float' への変換です。データが失われる可能性があります。
D:\RPGgame\RPG\ゲーム\Project\GameProject\Maptip\Map.cpp(39,30): warning C4244: '引数': 'int' から 'float' への変換です。データが失われる可能性があります。
D:\RPGgame\RPG\ゲーム\Project\GameProject\Maptip\Map.cpp(38,38): warning C4244: '引数': 'int' から 'float' への変換です。データが失われる可能性があります。
D:\RPGgame\RPG\ゲーム\Project\GameProject\Maptip\Map.cpp(45,30): warning C4244: '引数': 'int' から 'float' への変換です。データが失われる可能性があります。
D:\RPGgame\RPG\ゲーム\Project\GameProject\Maptip\Map.cpp(44,29): warning C4244: '引数': 'int' から 'float' への変換です。データが失われる可能性があります。
D:\RPGgame\RPG\ゲーム\Project\GameProject\Maptip\Map.cpp(43,30): warning C4244: '引数': 'int' から 'float' への変換です。データが失われる可能性があります。
D:\RPGgame\RPG\ゲーム\Project\GameProject\Maptip\Map.cpp(42,34): warning C4244: '引数': 'int' から 'float' への変換です。データが失われる可能性があります。
D:\RPGgame\RPG\ゲーム\Project\GameProject\Maptip\Map.cpp(47,30): warning C4244: '引数': 'int' から 'float' への変換です。データが失われる可能性があります。
D:\RPGgame\RPG\ゲーム\Project\GameProject\Maptip\Map.cpp(46,38): warning C4244: '引数': 'int' から 'float' への変換です。データが失われる可能性があります。
D:\RPGgame\RPG\ゲーム\Project\GameProject\Maptip\Map.cpp(53,30): warning C4244: '引数': 'int' から 'float' への変換です。データが失われる可能性があります。
D:\RPGgame\RPG\ゲーム\Project\GameProject\Maptip\Map.cpp(52,29): warning C4244: '引数': 'int' から 'float' への変換です。データが失われる可能性があります。
D:\RPGgame\RPG\ゲーム\Project\GameProject\Maptip\Map.cpp(51,30): warning C4244: '引数': 'int' から 'float' への変換です。データが失われる可能性があります。
D:\RPGgame\RPG\ゲーム\Project\GameProject\Maptip\Map.cpp(50,34): warning C4244: '引数': 'int' から 'float' への変換です。データが失われる可能性があります。
D:\RPGgame\RPG\ゲーム\Project\GameProject\Maptip\Map.cpp(55,30): warning C4244: '引数': 'int' から 'float' への変換です。データが失われる可能性があります。
D:\RPGgame\RPG\ゲーム\Project\GameProject\Maptip\Map.cpp(54,38): warning C4244: '引数': 'int' から 'float' への変換です。データが失われる可能性があります。
D:\RPGgame\RPG\ゲーム\Project\GameProject\Maptip\Map.cpp(61,30): warning C4244: '引数': 'int' から 'float' への変換です。データが失われる可能性があります。
D:\RPGgame\RPG\ゲーム\Project\GameProject\Maptip\Map.cpp(60,29): warning C4244: '引数': 'int' から 'float' への変換です。データが失われる可能性があります。
D:\RPGgame\RPG\ゲーム\Project\GameProject\Maptip\Map.cpp(59,30): warning C4244: '引数': 'int' から 'float' への変換です。データが失われる可能性があります。
D:\RPGgame\RPG\ゲーム\Project\GameProject\Maptip\Map.cpp(58,34): warning C4244: '引数': 'int' から 'float' への変換です。データが失われる可能性があります。
D:\RPGgame\RPG\ゲーム\Project\GameProject\Maptip\Map.cpp(63,30): warning C4244: '引数': 'int' から 'float' への変換です。データが失われる可能性があります。
D:\RPGgame\RPG\ゲーム\Project\GameProject\Maptip\Map.cpp(62,38): warning C4244: '引数': 'int' から 'float' への変換です。データが失われる可能性があります。
D:\RPGgame\RPG\ゲーム\Project\GameProject\Maptip\Map.cpp(69,30): warning C4244: '引数': 'int' から 'float' への変換です。データが失われる可能性があります。
D:\RPGgame\RPG\ゲーム\Project\GameProject\Maptip\Map.cpp(68,29): warning C4244: '引数': 'int' から 'float' への変換です。データが失われる可能性があります。
D:\RPGgame\RPG\ゲーム\Project\GameProject\Maptip\Map.cpp(67,30): warning C4244: '引数': 'int' から 'float' への変換です。データが失われる可能性があります。
D:\RPGgame\RPG\ゲーム\Project\GameProject\Maptip\Map.cpp(66,34): warning C4244: '引数': 'int' から 'float' への変換です。データが失われる可能性があります。
D:\RPGgame\RPG\ゲーム\Project\GameProject\Maptip\Map.cpp(71,30): warning C4244: '引数': 'int' から 'float' への変換です。データが失われる可能性があります。
D:\RPGgame\RPG\ゲーム\Project\GameProject\Maptip\Map.cpp(70,38): warning C4244: '引数': 'int' から 'float' への変換です。データが失われる可能性があります。
D:\RPGgame\RPG\ゲーム\Project\GameProject\Maptip\Map.cpp(92,30): warning C4244: '引数': 'int' から 'float' への変換です。データが失われる可能性があります。
D:\RPGgame\RPG\ゲーム\Project\GameProject\Maptip\Map.cpp(91,29): warning C4244: '引数': 'int' から 'float' への変換です。データが失われる可能性があります。
D:\RPGgame\RPG\ゲーム\Project\GameProject\Maptip\Map.cpp(90,30): warning C4244: '引数': 'int' から 'float' への変換です。データが失われる可能性があります。
D:\RPGgame\RPG\ゲーム\Project\GameProject\Maptip\Map.cpp(89,34): warning C4244: '引数': 'int' から 'float' への変換です。データが失われる可能性があります。
D:\RPGgame\RPG\ゲーム\Project\GameProject\Maptip\Map.cpp(94,30): warning C4244: '引数': 'int' から 'float' への変換です。データが失われる可能性があります。
D:\RPGgame\RPG\ゲーム\Project\GameProject\Maptip\Map.cpp(93,38): warning C4244: '引数': 'int' から 'float' への変換です。データが失われる可能性があります。
D:\RPGgame\RPG\ゲーム\Project\GameProject\Maptip\Map.cpp(100,30): warning C4244: '引数': 'int' から 'float' への変換です。データが失われる可能性があります。
D:\RPGgame\RPG\ゲーム\Project\GameProject\Maptip\Map.cpp(99,29): warning C4244: '引数': 'int' から 'float' への変換です。データが失われる可能性があります。
D:\RPGgame\RPG\ゲーム\Project\GameProject\Maptip\Map.cpp(98,30): warning C4244: '引数': 'int' から 'float' への変換です。データが失われる可能性があります。
D:\RPGgame\RPG\ゲーム\Project\GameProject\Maptip\Map.cpp(97,34): warning C4244: '引数': 'int' から 'float' への変換です。データが失われる可能性があります。
D:\RPGgame\RPG\ゲーム\Project\GameProject\Maptip\Map.cpp(102,30): warning C4244: '引数': 'int' から 'float' への変換です。データが失われる可能性があります。
D:\RPGgame\RPG\ゲーム\Project\GameProject\Maptip\Map.cpp(101,38): warning C4244: '引数': 'int' から 'float' への変換です。データが失われる可能性があります。
D:\RPGgame\RPG\ゲーム\Project\GameProject\Maptip\Map.cpp(109,30): warning C4244: '引数': 'int' から 'float' への変換です。データが失われる可能性があります。
D:\RPGgame\RPG\ゲーム\Project\GameProject\Maptip\Map.cpp(108,29): warning C4244: '引数': 'int' から 'float' への変換です。データが失われる可能性があります。
D:\RPGgame\RPG\ゲーム\Project\GameProject\Maptip\Map.cpp(107,30): warning C4244: '引数': 'int' から 'float' への変換です。データが失われる可能性があります。
D:\RPGgame\RPG\ゲーム\Project\GameProject\Maptip\Map.cpp(106,34): warning C4244: '引数': 'int' から 'float' への変換です。データが失われる可能性があります。
D:\RPGgame\RPG\ゲーム\Project\GameProject\Maptip\Map.cpp(111,30): warning C4244: '引数': 'int' から 'float' への変換です。データが失われる可能性があります。
D:\RPGgame\RPG\ゲーム\Project\GameProject\Maptip\Map.cpp(110,38): warning C4244: '引数': 'int' から 'float' への変換です。データが失われる可能性があります。
D:\RPGgame\RPG\ゲーム\Project\GameProject\Maptip\Map.cpp(117,30): warning C4244: '引数': 'int' から 'float' への変換です。データが失われる可能性があります。
D:\RPGgame\RPG\ゲーム\Project\GameProject\Maptip\Map.cpp(116,29): warning C4244: '引数': 'int' から 'float' への変換です。データが失われる可能性があります。
D:\RPGgame\RPG\ゲーム\Project\GameProject\Maptip\Map.cpp(115,30): warning C4244: '引数': 'int' から 'float' への変換です。データが失われる可能性があります。
D:\RPGgame\RPG\ゲーム\Project\GameProject\Maptip\Map.cpp(114,34): warning C4244: '引数': 'int' から 'float' への変換です。データが失われる可能性があります。
D:\RPGgame\RPG\ゲーム\Project\GameProject\Maptip\Map.cpp(119,30): warning C4244: '引数': 'int' から 'float' への変換です。データが失われる可能性があります。
D:\RPGgame\RPG\ゲーム\Project\GameProject\Maptip\Map.cpp(118,38): warning C4244: '引数': 'int' から 'float' への変換です。データが失われる可能性があります。
D:\RPGgame\RPG\ゲーム\Project\GameProject\Maptip\Map.cpp(125,30): warning C4244: '引数': 'int' から 'float' への変換です。データが失われる可能性があります。
D:\RPGgame\RPG\ゲーム\Project\GameProject\Maptip\Map.cpp(124,29): warning C4244: '引数': 'int' から 'float' への変換です。データが失われる可能性があります。
D:\RPGgame\RPG\ゲーム\Project\GameProject\Maptip\Map.cpp(123,30): warning C4244: '引数': 'int' から 'float' への変換です。データが失われる可能性があります。
D:\RPGgame\RPG\ゲーム\Project\GameProject\Maptip\Map.cpp(122,34): warning C4244: '引数': 'int' から 'float' への変換です。データが失われる可能性があります。
D:\RPGgame\RPG\ゲーム\Project\GameProject\Maptip\Map.cpp(127,30): warning C4244: '引数': 'int' から 'float' への変換です。データが失われる可能性があります。
D:\RPGgame\RPG\ゲーム\Project\GameProject\Maptip\Map.cpp(126,38): warning C4244: '引数': 'int' から 'float' への変換です。データが失われる可能性があります。
D:\RPGgame\RPG\ゲーム\Project\GameProject\Maptip\Map.cpp(133,30): warning C4244: '引数': 'int' から 'float' への変換です。データが失われる可能性があります。
D:\RPGgame\RPG\ゲーム\Project\GameProject\Maptip\Map.cpp(132,29): warning C4244: '引数': 'int' から 'float' への変換です。データが失われる可能性があります。
D:\RPGgame\RPG\ゲーム\Project\GameProject\Maptip\Map.cpp(131,30): warning C4244: '引数': 'int' から 'float' への変換です。データが失われる可能性があります。
D:\RPGgame\RPG\ゲーム\Project\GameProject\Maptip\Map.cpp(130,34): warning C4244: '引数': 'int' から 'float' への変換です。データが失われる可能性があります。
D:\RPGgame\RPG\ゲーム\Project\GameProject\Maptip\Map.cpp(135,30): warning C4244: '引数': 'int' から 'float' への変換です。データが失われる可能性があります。
D:\RPGgame\RPG\ゲーム\Project\GameProject\Maptip\Map.cpp(134,38): warning C4244: '引数': 'int' から 'float' への変換です。データが失われる可能性があります。
D:\RPGgame\RPG\ゲーム\Project\GameProject\Maptip\Map.cpp(145,30): warning C4244: '引数': 'int' から 'float' への変換です。データが失われる可能性があります。
D:\RPGgame\RPG\ゲーム\Project\GameProject\Maptip\Map.cpp(144,29): warning C4244: '引数': 'int' から 'float' への変換です。データが失われる可能性があります。
D:\RPGgame\RPG\ゲーム\Project\GameProject\Maptip\Map.cpp(143,30): warning C4244: '引数': 'int' から 'float' への変換です。データが失われる可能性があります。
D:\RPGgame\RPG\ゲーム\Project\GameProject\Maptip\Map.cpp(142,34): warning C4244: '引数': 'int' から 'float' への変換です。データが失われる可能性があります。
D:\RPGgame\RPG\ゲーム\Project\GameProject\Maptip\Map.cpp(147,30): warning C4244: '引数': 'int' から 'float' への変換です。データが失われる可能性があります。
D:\RPGgame\RPG\ゲーム\Project\GameProject\Maptip\Map.cpp(146,38): warning C4244: '引数': 'int' から 'float' への変換です。データが失われる可能性があります。
D:\RPGgame\RPG\ゲーム\Project\GameProject\Maptip\Map.cpp(153,30): warning C4244: '引数': 'int' から 'float' への変換です。データが失われる可能性があります。
D:\RPGgame\RPG\ゲーム\Project\GameProject\Maptip\Map.cpp(152,29): warning C4244: '引数': 'int' から 'float' への変換です。データが失われる可能性があります。
D:\RPGgame\RPG\ゲーム\Project\GameProject\Maptip\Map.cpp(151,30): warning C4244: '引数': 'int' から 'float' への変換です。データが失われる可能性があります。
D:\RPGgame\RPG\ゲーム\Project\GameProject\Maptip\Map.cpp(150,34): warning C4244: '引数': 'int' から 'float' への変換です。データが失われる可能性があります。
D:\RPGgame\RPG\ゲーム\Project\GameProject\Maptip\Map.cpp(155,30): warning C4244: '引数': 'int' から 'float' への変換です。データが失われる可能性があります。
D:\RPGgame\RPG\ゲーム\Project\GameProject\Maptip\Map.cpp(154,38): warning C4244: '引数': 'int' から 'float' への変換です。データが失われる可能性があります。
D:\RPGgame\RPG\ゲーム\Project\GameProject\Maptip\Map.cpp(161,30): warning C4244: '引数': 'int' から 'float' への変換です。データが失われる可能性があります。
D:\RPGgame\RPG\ゲーム\Project\GameProject\Maptip\Map.cpp(160,29): warning C4244: '引数': 'int' から 'float' への変換です。データが失われる可能性があります。
D:\RPGgame\RPG\ゲーム\Project\GameProject\Maptip\Map.cpp(159,30): warning C4244: '引数': 'int' から 'float' への変換です。データが失われる可能性があります。
D:\RPGgame\RPG\ゲーム\Project\GameProject\Maptip\Map.cpp(158,34): warning C4244: '引数': 'int' から 'float' への変換です。データが失われる可能性があります。
D:\RPGgame\RPG\ゲーム\Project\GameProject\Maptip\Map.cpp(163,30): warning C4244: '引数': 'int' から 'float' への変換です。データが失われる可能性があります。
D:\RPGgame\RPG\ゲーム\Project\GameProject\Maptip\Map.cpp(162,38): warning C4244: '引数': 'int' から 'float' への変換です。データが失われる可能性があります。
D:\RPGgame\RPG\ゲーム\Project\GameProject\Maptip\Map.cpp(169,30): warning C4244: '引数': 'int' から 'float' への変換です。データが失われる可能性があります。
D:\RPGgame\RPG\ゲーム\Project\GameProject\Maptip\Map.cpp(168,29): warning C4244: '引数': 'int' から 'float' への変換です。データが失われる可能性があります。
D:\RPGgame\RPG\ゲーム\Project\GameProject\Maptip\Map.cpp(167,30): warning C4244: '引数': 'int' から 'float' への変換です。データが失われる可能性があります。
D:\RPGgame\RPG\ゲーム\Project\GameProject\Maptip\Map.cpp(166,34): warning C4244: '引数': 'int' から 'float' への変換です。データが失われる可能性があります。
D:\RPGgame\RPG\ゲーム\Project\GameProject\Maptip\Map.cpp(171,30): warning C4244: '引数': 'int' から 'float' への変換です。データが失われる可能性があります。
D:\RPGgame\RPG\ゲーム\Project\GameProject\Maptip\Map.cpp(170,38): warning C4244: '引数': 'int' から 'float' への変換です。データが失われる可能性があります。
D:\RPGgame\RPG\ゲーム\Project\GameProject\Maptip\Map.cpp(177,30): warning C4244: '引数': 'int' から 'float' への変換です。データが失われる可能性があります。
D:\RPGgame\RPG\ゲーム\Project\GameProject\Maptip\Map.cpp(176,29): warning C4244: '引数': 'int' から 'float' への変換です。データが失われる可能性があります。
D:\RPGgame\RPG\ゲーム\Project\GameProject\Maptip\Map.cpp(175,30): warning C4244: '引数': 'int' から 'float' への変換です。データが失われる可能性があります。
D:\RPGgame\RPG\ゲーム\Project\GameProject\Maptip\Map.cpp(174,34): warning C4244: '引数': 'int' から 'float' への変換です。データが失われる可能性があります。
D:\RPGgame\RPG\ゲーム\Project\GameProject\Maptip\Map.cpp(179,30): warning C4244: '引数': 'int' から 'float' への変換です。データが失われる可能性があります。
D:\RPGgame\RPG\ゲーム\Project\GameProject\Maptip\Map.cpp(178,38): warning C4244: '引数': 'int' から 'float' への変換です。データが失われる可能性があります。
D:\RPGgame\RPG\ゲーム\Project\GameProject\Maptip\Map.cpp(185,30): warning C4244: '引数': 'int' から 'float' への変換です。データが失われる可能性があります。
D:\RPGgame\RPG\ゲーム\Project\GameProject\Maptip\Map.cpp(184,29): warning C4244: '引数': 'int' から 'float' への変換です。データが失われる可能性があります。
D:\RPGgame\RPG\ゲーム\Project\GameProject\Maptip\Map.cpp(183,30): warning C4244: '引数': 'int' から 'float' への変換です。データが失われる可能性があります。
D:\RPGgame\RPG\ゲーム\Project\GameProject\Maptip\Map.cpp(182,34): warning C4244: '引数': 'int' から 'float' への変換です。データが失われる可能性があります。
D:\RPGgame\RPG\ゲーム\Project\GameProject\Maptip\Map.cpp(187,30): warning C4244: '引数': 'int' から 'float' への変換です。データが失われる可能性があります。
D:\RPGgame\RPG\ゲーム\Project\GameProject\Maptip\Map.cpp(186,38): warning C4244: '引数': 'int' から 'float' への変換です。データが失われる可能性があります。
D:\RPGgame\RPG\ゲーム\Project\GameProject\Maptip\Map.cpp(199,30): warning C4244: '引数': 'int' から 'float' への変換です。データが失われる可能性があります。
D:\RPGgame\RPG\ゲーム\Project\GameProject\Maptip\Map.cpp(198,29): warning C4244: '引数': 'int' から 'float' への変換です。データが失われる可能性があります。
D:\RPGgame\RPG\ゲーム\Project\GameProject\Maptip\Map.cpp(197,30): warning C4244: '引数': 'int' から 'float' への変換です。データが失われる可能性があります。
D:\RPGgame\RPG\ゲーム\Project\GameProject\Maptip\Map.cpp(196,34): warning C4244: '引数': 'int' から 'float' への変換です。データが失われる可能性があります。
D:\RPGgame\RPG\ゲーム\Project\GameProject\Maptip\Map.cpp(201,30): warning C4244: '引数': 'int' から 'float' への変換です。データが失われる可能性があります。
D:\RPGgame\RPG\ゲーム\Project\GameProject\Maptip\Map.cpp(200,38): warning C4244: '引数': 'int' から 'float' への変換です。データが失われる可能性があります。
D:\RPGgame\RPG\ゲーム\Project\GameProject\Maptip\Map.cpp(207,30): warning C4244: '引数': 'int' から 'float' への変換です。データが失われる可能性があります。
D:\RPGgame\RPG\ゲーム\Project\GameProject\Maptip\Map.cpp(206,29): warning C4244: '引数': 'int' から 'float' への変換です。データが失われる可能性があります。
D:\RPGgame\RPG\ゲーム\Project\GameProject\Maptip\Map.cpp(205,30): warning C4244: '引数': 'int' から 'float' への変換です。データが失われる可能性があります。
D:\RPGgame\RPG\ゲーム\Project\GameProject\Maptip\Map.cpp(204,34): warning C4244: '引数': 'int' から 'float' への変換です。データが失われる可能性があります。
D:\RPGgame\RPG\ゲーム\Project\GameProject\Maptip\Map.cpp(209,30): warning C4244: '引数': 'int' から 'float' への変換です。データが失われる可能性があります。
D:\RPGgame\RPG\ゲーム\Project\GameProject\Maptip\Map.cpp(208,38): warning C4244: '引数': 'int' から 'float' への変換です。データが失われる可能性があります。
D:\RPGgame\RPG\ゲーム\Project\GameProject\Maptip\Map.cpp(216,30): warning C4244: '引数': 'int' から 'float' への変換です。データが失われる可能性があります。
D:\RPGgame\RPG\ゲーム\Project\GameProject\Maptip\Map.cpp(215,29): warning C4244: '引数': 'int' から 'float' への変換です。データが失われる可能性があります。
D:\RPGgame\RPG\ゲーム\Project\GameProject\Maptip\Map.cpp(214,30): warning C4244: '引数': 'int' から 'float' への変換です。データが失われる可能性があります。
D:\RPGgame\RPG\ゲーム\Project\GameProject\Maptip\Map.cpp(213,34): warning C4244: '引数': 'int' から 'float' への変換です。データが失われる可能性があります。
D:\RPGgame\RPG\ゲーム\Project\GameProject\Maptip\Map.cpp(218,30): warning C4244: '引数': 'int' から 'float' への変換です。データが失われる可能性があります。
D:\RPGgame\RPG\ゲーム\Project\GameProject\Maptip\Map.cpp(217,38): warning C4244: '引数': 'int' から 'float' への変換です。データが失われる可能性があります。
D:\RPGgame\RPG\ゲーム\Project\GameProject\Maptip\Map.cpp(224,30): warning C4244: '引数': 'int' から 'float' への変換です。データが失われる可能性があります。
D:\RPGgame\RPG\ゲーム\Project\GameProject\Maptip\Map.cpp(223,29): warning C4244: '引数': 'int' から 'float' への変換です。データが失われる可能性があります。
D:\RPGgame\RPG\ゲーム\Project\GameProject\Maptip\Map.cpp(222,30): warning C4244: '引数': 'int' から 'float' への変換です。データが失われる可能性があります。
D:\RPGgame\RPG\ゲーム\Project\GameProject\Maptip\Map.cpp(221,34): warning C4244: '引数': 'int' から 'float' への変換です。データが失われる可能性があります。
D:\RPGgame\RPG\ゲーム\Project\GameProject\Maptip\Map.cpp(226,30): warning C4244: '引数': 'int' から 'float' への変換です。データが失われる可能性があります。
D:\RPGgame\RPG\ゲーム\Project\GameProject\Maptip\Map.cpp(225,38): warning C4244: '引数': 'int' から 'float' への変換です。データが失われる可能性があります。
D:\RPGgame\RPG\ゲーム\Project\GameProject\Maptip\Map.cpp(232,30): warning C4244: '引数': 'int' から 'float' への変換です。データが失われる可能性があります。
D:\RPGgame\RPG\ゲーム\Project\GameProject\Maptip\Map.cpp(231,29): warning C4244: '引数': 'int' から 'float' への変換です。データが失われる可能性があります。
D:\RPGgame\RPG\ゲーム\Project\GameProject\Maptip\Map.cpp(230,30): warning C4244: '引数': 'int' から 'float' への変換です。データが失われる可能性があります。
D:\RPGgame\RPG\ゲーム\Project\GameProject\Maptip\Map.cpp(229,34): warning C4244: '引数': 'int' から 'float' への変換です。データが失われる可能性があります。
D:\RPGgame\RPG\ゲーム\Project\GameProject\Maptip\Map.cpp(234,30): warning C4244: '引数': 'int' から 'float' への変換です。データが失われる可能性があります。
D:\RPGgame\RPG\ゲーム\Project\GameProject\Maptip\Map.cpp(233,38): warning C4244: '引数': 'int' から 'float' への変換です。データが失われる可能性があります。
D:\RPGgame\RPG\ゲーム\Project\GameProject\Maptip\Map.cpp(240,30): warning C4244: '引数': 'int' から 'float' への変換です。データが失われる可能性があります。
D:\RPGgame\RPG\ゲーム\Project\GameProject\Maptip\Map.cpp(239,29): warning C4244: '引数': 'int' から 'float' への変換です。データが失われる可能性があります。
D:\RPGgame\RPG\ゲーム\Project\GameProject\Maptip\Map.cpp(238,30): warning C4244: '引数': 'int' から 'float' への変換です。データが失われる可能性があります。
D:\RPGgame\RPG\ゲーム\Project\GameProject\Maptip\Map.cpp(237,34): warning C4244: '引数': 'int' から 'float' への変換です。データが失われる可能性があります。
D:\RPGgame\RPG\ゲーム\Project\GameProject\Maptip\Map.cpp(242,30): warning C4244: '引数': 'int' から 'float' への変換です。データが失われる可能性があります。
D:\RPGgame\RPG\ゲーム\Project\GameProject\Maptip\Map.cpp(241,38): warning C4244: '引数': 'int' から 'float' への変換です。データが失われる可能性があります。
D:\RPGgame\RPG\ゲーム\Project\GameProject\Maptip\Map.cpp(254,30): warning C4244: '引数': 'int' から 'float' への変換です。データが失われる可能性があります。
D:\RPGgame\RPG\ゲーム\Project\GameProject\Maptip\Map.cpp(253,29): warning C4244: '引数': 'int' から 'float' への変換です。データが失われる可能性があります。
D:\RPGgame\RPG\ゲーム\Project\GameProject\Maptip\Map.cpp(252,30): warning C4244: '引数': 'int' から 'float' への変換です。データが失われる可能性があります。
D:\RPGgame\RPG\ゲーム\Project\GameProject\Maptip\Map.cpp(251,34): warning C4244: '引数': 'int' から 'float' への変換です。データが失われる可能性があります。
D:\RPGgame\RPG\ゲーム\Project\GameProject\Maptip\Map.cpp(256,30): warning C4244: '引数': 'int' から 'float' への変換です。データが失われる可能性があります。
D:\RPGgame\RPG\ゲーム\Project\GameProject\Maptip\Map.cpp(255,38): warning C4244: '引数': 'int' から 'float' への変換です。データが失われる可能性があります。
D:\RPGgame\RPG\ゲーム\Project\GameProject\Maptip\Map.cpp(262,30): warning C4244: '引数': 'int' から 'float' への変換です。データが失われる可能性があります。
D:\RPGgame\RPG\ゲーム\Project\GameProject\Maptip\Map.cpp(261,29): warning C4244: '引数': 'int' から 'float' への変換です。データが失われる可能性があります。
D:\RPGgame\RPG\ゲーム\Project\GameProject\Maptip\Map.cpp(260,30): warning C4244: '引数': 'int' から 'float' への変換です。データが失われる可能性があります。
D:\RPGgame\RPG\ゲーム\Project\GameProject\Maptip\Map.cpp(259,34): warning C4244: '引数': 'int' から 'float' への変換です。データが失われる可能性があります。
D:\RPGgame\RPG\ゲーム\Project\GameProject\Maptip\Map.cpp(264,30): warning C4244: '引数': 'int' から 'float' への変換です。データが失われる可能性があります。
D:\RPGgame\RPG\ゲーム\Project\GameProject\Maptip\Map.cpp(263,38): warning C4244: '引数': 'int' から 'float' への変換です。データが失われる可能性があります。
D:\RPGgame\RPG\ゲーム\Project\GameProject\Maptip\Map.cpp(270,30): warning C4244: '引数': 'int' から 'float' への変換です。データが失われる可能性があります。
D:\RPGgame\RPG\ゲーム\Project\GameProject\Maptip\Map.cpp(269,29): warning C4244: '引数': 'int' から 'float' への変換です。データが失われる可能性があります。
D:\RPGgame\RPG\ゲーム\Project\GameProject\Maptip\Map.cpp(268,30): warning C4244: '引数': 'int' から 'float' への変換です。データが失われる可能性があります。
D:\RPGgame\RPG\ゲーム\Project\GameProject\Maptip\Map.cpp(267,34): warning C4244: '引数': 'int' から 'float' への変換です。データが失われる可能性があります。
D:\RPGgame\RPG\ゲーム\Project\GameProject\Maptip\Map.cpp(272,30): warning C4244: '引数': 'int' から 'float' への変換です。データが失われる可能性があります。
D:\RPGgame\RPG\ゲーム\Project\GameProject\Maptip\Map.cpp(271,38): warning C4244: '引数': 'int' から 'float' への変換です。データが失われる可能性があります。
D:\RPGgame\RPG\ゲーム\Project\GameProject\Maptip\Map.cpp(278,30): warning C4244: '引数': 'int' から 'float' への変換です。データが失われる可能性があります。
D:\RPGgame\RPG\ゲーム\Project\GameProject\Maptip\Map.cpp(277,29): warning C4244: '引数': 'int' から 'float' への変換です。データが失われる可能性があります。
D:\RPGgame\RPG\ゲーム\Project\GameProject\Maptip\Map.cpp(276,30): warning C4244: '引数': 'int' から 'float' への変換です。データが失われる可能性があります。
D:\RPGgame\RPG\ゲーム\Project\GameProject\Maptip\Map.cpp(275,34): warning C4244: '引数': 'int' から 'float' への変換です。データが失われる可能性があります。
D:\RPGgame\RPG\ゲーム\Project\GameProject\Maptip\Map.cpp(280,30): warning C4244: '引数': 'int' から 'float' への変換です。データが失われる可能性があります。
D:\RPGgame\RPG\ゲーム\Project\GameProject\Maptip\Map.cpp(279,38): warning C4244: '引数': 'int' から 'float' への変換です。データが失われる可能性があります。
D:\RPGgame\RPG\ゲーム\Project\GameProject\Maptip\Map.cpp(285,30): warning C4244: '引数': 'int' から 'float' への変換です。データが失われる可能性があります。
D:\RPGgame\RPG\ゲーム\Project\GameProject\Maptip\Map.cpp(284,29): warning C4244: '引数': 'int' から 'float' への変換です。データが失われる可能性があります。
D:\RPGgame\RPG\ゲーム\Project\GameProject\Maptip\Map.cpp(283,30): warning C4244: '引数': 'int' から 'float' への変換です。データが失われる可能性があります。
D:\RPGgame\RPG\ゲーム\Project\GameProject\Maptip\Map.cpp(282,34): warning C4244: '引数': 'int' から 'float' への変換です。データが失われる可能性があります。
D:\RPGgame\RPG\ゲーム\Project\GameProject\Maptip\Map.cpp(287,30): warning C4244: '引数': 'int' から 'float' への変換です。データが失われる可能性があります。
D:\RPGgame\RPG\ゲーム\Project\GameProject\Maptip\Map.cpp(286,38): warning C4244: '引数': 'int' から 'float' への変換です。データが失われる可能性があります。
D:\RPGgame\RPG\ゲーム\Project\GameProject\Maptip\Map.cpp(293,30): warning C4244: '引数': 'int' から 'float' への変換です。データが失われる可能性があります。
D:\RPGgame\RPG\ゲーム\Project\GameProject\Maptip\Map.cpp(292,29): warning C4244: '引数': 'int' から 'float' への変換です。データが失われる可能性があります。
D:\RPGgame\RPG\ゲーム\Project\GameProject\Maptip\Map.cpp(291,30): warning C4244: '引数': 'int' から 'float' への変換です。データが失われる可能性があります。
D:\RPGgame\RPG\ゲーム\Project\GameProject\Maptip\Map.cpp(290,34): warning C4244: '引数': 'int' から 'float' への変換です。データが失われる可能性があります。
D:\RPGgame\RPG\ゲーム\Project\GameProject\Maptip\Map.cpp(295,30): warning C4244: '引数': 'int' から 'float' への変換です。データが失われる可能性があります。
D:\RPGgame\RPG\ゲーム\Project\GameProject\Maptip\Map.cpp(294,38): warning C4244: '引数': 'int' から 'float' への変換です。データが失われる可能性があります。
D:\RPGgame\RPG\ゲーム\Project\GameProject\Maptip\Map.cpp(316,30): warning C4244: '引数': 'int' から 'float' への変換です。データが失われる可能性があります。
D:\RPGgame\RPG\ゲーム\Project\GameProject\Maptip\Map.cpp(315,29): warning C4244: '引数': 'int' から 'float' への変換です。データが失われる可能性があります。
D:\RPGgame\RPG\ゲーム\Project\GameProject\Maptip\Map.cpp(314,30): warning C4244: '引数': 'int' から 'float' への変換です。データが失われる可能性があります。
D:\RPGgame\RPG\ゲーム\Project\GameProject\Maptip\Map.cpp(313,34): warning C4244: '引数': 'int' から 'float' への変換です。データが失われる可能性があります。
D:\RPGgame\RPG\ゲーム\Project\GameProject\Maptip\Map.cpp(318,30): warning C4244: '引数': 'int' から 'float' への変換です。データが失われる可能性があります。
D:\RPGgame\RPG\ゲーム\Project\GameProject\Maptip\Map.cpp(317,38): warning C4244: '引数': 'int' から 'float' への変換です。データが失われる可能性があります。
D:\RPGgame\RPG\ゲーム\Project\GameProject\Maptip\Map.cpp(323,30): warning C4244: '引数': 'int' から 'float' への変換です。データが失われる可能性があります。
D:\RPGgame\RPG\ゲーム\Project\GameProject\Maptip\Map.cpp(322,29): warning C4244: '引数': 'int' から 'float' への変換です。データが失われる可能性があります。
D:\RPGgame\RPG\ゲーム\Project\GameProject\Maptip\Map.cpp(321,30): warning C4244: '引数': 'int' から 'float' への変換です。データが失われる可能性があります。
D:\RPGgame\RPG\ゲーム\Project\GameProject\Maptip\Map.cpp(320,34): warning C4244: '引数': 'int' から 'float' への変換です。データが失われる可能性があります。
D:\RPGgame\RPG\ゲーム\Project\GameProject\Maptip\Map.cpp(325,30): warning C4244: '引数': 'int' から 'float' への変換です。データが失われる可能性があります。
D:\RPGgame\RPG\ゲーム\Project\GameProject\Maptip\Map.cpp(324,38): warning C4244: '引数': 'int' から 'float' への変換です。データが失われる可能性があります。
D:\RPGgame\RPG\ゲーム\Project\GameProject\Maptip\Map.cpp(331,30): warning C4244: '引数': 'int' から 'float' への変換です。データが失われる可能性があります。
D:\RPGgame\RPG\ゲーム\Project\GameProject\Maptip\Map.cpp(330,29): warning C4244: '引数': 'int' から 'float' への変換です。データが失われる可能性があります。
D:\RPGgame\RPG\ゲーム\Project\GameProject\Maptip\Map.cpp(329,30): warning C4244: '引数': 'int' から 'float' への変換です。データが失われる可能性があります。
D:\RPGgame\RPG\ゲーム\Project\GameProject\Maptip\Map.cpp(328,34): warning C4244: '引数': 'int' から 'float' への変換です。データが失われる可能性があります。
D:\RPGgame\RPG\ゲーム\Project\GameProject\Maptip\Map.cpp(333,30): warning C4244: '引数': 'int' から 'float' への変換です。データが失われる可能性があります。
D:\RPGgame\RPG\ゲーム\Project\GameProject\Maptip\Map.cpp(332,38): warning C4244: '引数': 'int' から 'float' への変換です。データが失われる可能性があります。
D:\RPGgame\RPG\ゲーム\Project\GameProject\Maptip\Map.cpp(339,30): warning C4244: '引数': 'int' から 'float' への変換です。データが失われる可能性があります。
D:\RPGgame\RPG\ゲーム\Project\GameProject\Maptip\Map.cpp(338,29): warning C4244: '引数': 'int' から 'float' への変換です。データが失われる可能性があります。
D:\RPGgame\RPG\ゲーム\Project\GameProject\Maptip\Map.cpp(337,30): warning C4244: '引数': 'int' から 'float' への変換です。データが失われる可能性があります。
D:\RPGgame\RPG\ゲーム\Project\GameProject\Maptip\Map.cpp(336,34): warning C4244: '引数': 'int' から 'float' への変換です。データが失われる可能性があります。
D:\RPGgame\RPG\ゲーム\Project\GameProject\Maptip\Map.cpp(341,30): warning C4244: '引数': 'int' から 'float' への変換です。データが失われる可能性があります。
D:\RPGgame\RPG\ゲーム\Project\GameProject\Maptip\Map.cpp(340,38): warning C4244: '引数': 'int' から 'float' への変換です。データが失われる可能性があります。
D:\RPGgame\RPG\ゲーム\Project\GameProject\Maptip\Map.cpp(347,30): warning C4244: '引数': 'int' から 'float' への変換です。データが失われる可能性があります。
D:\RPGgame\RPG\ゲーム\Project\GameProject\Maptip\Map.cpp(346,29): warning C4244: '引数': 'int' から 'float' への変換です。データが失われる可能性があります。
D:\RPGgame\RPG\ゲーム\Project\GameProject\Maptip\Map.cpp(345,30): warning C4244: '引数': 'int' から 'float' への変換です。データが失われる可能性があります。
D:\RPGgame\RPG\ゲーム\Project\GameProject\Maptip\Map.cpp(344,34): warning C4244: '引数': 'int' から 'float' への変換です。データが失われる可能性があります。
D:\RPGgame\RPG\ゲーム\Project\GameProject\Maptip\Map.cpp(349,30): warning C4244: '引数': 'int' から 'float' への変換です。データが失われる可能性があります。
D:\RPGgame\RPG\ゲーム\Project\GameProject\Maptip\Map.cpp(348,38): warning C4244: '引数': 'int' から 'float' への変換です。データが失われる可能性があります。
D:\RPGgame\RPG\ゲーム\Project\GameProject\Maptip\Map.cpp(362,30): warning C4244: '引数': 'int' から 'float' への変換です。データが失われる可能性があります。
D:\RPGgame\RPG\ゲーム\Project\GameProject\Maptip\Map.cpp(361,29): warning C4244: '引数': 'int' から 'float' への変換です。データが失われる可能性があります。
D:\RPGgame\RPG\ゲーム\Project\GameProject\Maptip\Map.cpp(360,30): warning C4244: '引数': 'int' から 'float' への変換です。データが失われる可能性があります。
D:\RPGgame\RPG\ゲーム\Project\GameProject\Maptip\Map.cpp(359,34): warning C4244: '引数': 'int' から 'float' への変換です。データが失われる可能性があります。
D:\RPGgame\RPG\ゲーム\Project\GameProject\Maptip\Map.cpp(364,30): warning C4244: '引数': 'int' から 'float' への変換です。データが失われる可能性があります。
D:\RPGgame\RPG\ゲーム\Project\GameProject\Maptip\Map.cpp(363,38): warning C4244: '引数': 'int' から 'float' への変換です。データが失われる可能性があります。
D:\RPGgame\RPG\ゲーム\Project\GameProject\Maptip\Map.cpp(377,30): warning C4244: '引数': 'int' から 'float' への変換です。データが失われる可能性があります。
D:\RPGgame\RPG\ゲーム\Project\GameProject\Maptip\Map.cpp(376,29): warning C4244: '引数': 'int' から 'float' への変換です。データが失われる可能性があります。
D:\RPGgame\RPG\ゲーム\Project\GameProject\Maptip\Map.cpp(375,30): warning C4244: '引数': 'int' から 'float' への変換です。データが失われる可能性があります。
D:\RPGgame\RPG\ゲーム\Project\GameProject\Maptip\Map.cpp(374,34): warning C4244: '引数': 'int' から 'float' への変換です。データが失われる可能性があります。
D:\RPGgame\RPG\ゲーム\Project\GameProject\Maptip\Map.cpp(379,30): warning C4244: '引数': 'int' から 'float' への変換です。データが失われる可能性があります。
D:\RPGgame\RPG\ゲーム\Project\GameProject\Maptip\Map.cpp(378,38): warning C4244: '引数': 'int' から 'float' への変換です。データが失われる可能性があります。
D:\RPGgame\RPG\ゲーム\Project\GameProject\Maptip\Map.cpp(390,30): warning C4244: '引数': 'int' から 'float' への変換です。データが失われる可能性があります。
D:\RPGgame\RPG\ゲーム\Project\GameProject\Maptip\Map.cpp(389,29): warning C4244: '引数': 'int' から 'float' への変換です。データが失われる可能性があります。
D:\RPGgame\RPG\ゲーム\Project\GameProject\Maptip\Map.cpp(388,30): warning C4244: '引数': 'int' から 'float' への変換です。データが失われる可能性があります。
D:\RPGgame\RPG\ゲーム\Project\GameProject\Maptip\Map.cpp(387,34): warning C4244: '引数': 'int' から 'float' への変換です。データが失われる可能性があります。
D:\RPGgame\RPG\ゲーム\Project\GameProject\Maptip\Map.cpp(392,30): warning C4244: '引数': 'int' から 'float' への変換です。データが失われる可能性があります。
D:\RPGgame\RPG\ゲーム\Project\GameProject\Maptip\Map.cpp(391,38): warning C4244: '引数': 'int' から 'float' への変換です。データが失われる可能性があります。
D:\RPGgame\RPG\ゲーム\Project\GameProject\Maptip\Map.cpp(403,30): warning C4244: '引数': 'int' から 'float' への変換です。データが失われる可能性があります。
D:\RPGgame\RPG\ゲーム\Project\GameProject\Maptip\Map.cpp(402,29): warning C4244: '引数': 'int' から 'float' への変換です。データが失われる可能性があります。
D:\RPGgame\RPG\ゲーム\Project\GameProject\Maptip\Map.cpp(401,30): warning C4244: '引数': 'int' から 'float' への変換です。データが失われる可能性があります。
D:\RPGgame\RPG\ゲーム\Project\GameProject\Maptip\Map.cpp(400,34): warning C4244: '引数': 'int' から 'float' への変換です。データが失われる可能性があります。
D:\RPGgame\RPG\ゲーム\Project\GameProject\Maptip\Map.cpp(405,30): warning C4244: '引数': 'int' から 'float' への変換です。データが失われる可能性があります。
D:\RPGgame\RPG\ゲーム\Project\GameProject\Maptip\Map.cpp(404,38): warning C4244: '引数': 'int' から 'float' への変換です。データが失われる可能性があります。
D:\RPGgame\RPG\ゲーム\Project\GameProject\Maptip\Map.cpp(418,30): warning C4244: '引数': 'int' から 'float' への変換です。データが失われる可能性があります。
D:\RPGgame\RPG\ゲーム\Project\GameProject\Maptip\Map.cpp(417,29): warning C4244: '引数': 'int' から 'float' への変換です。データが失われる可能性があります。
D:\RPGgame\RPG\ゲーム\Project\GameProject\Maptip\Map.cpp(416,30): warning C4244: '引数': 'int' から 'float' への変換です。データが失われる可能性があります。
D:\RPGgame\RPG\ゲーム\Project\GameProject\Maptip\Map.cpp(415,34): warning C4244: '引数': 'int' から 'float' への変換です。データが失われる可能性があります。
D:\RPGgame\RPG\ゲーム\Project\GameProject\Maptip\Map.cpp(420,30): warning C4244: '引数': 'int' から 'float' への変換です。データが失われる可能性があります。
D:\RPGgame\RPG\ゲーム\Project\GameProject\Maptip\Map.cpp(419,38): warning C4244: '引数': 'int' から 'float' への変換です。データが失われる可能性があります。
D:\RPGgame\RPG\ゲーム\Project\GameProject\Maptip\Map.cpp(431,30): warning C4244: '引数': 'int' から 'float' への変換です。データが失われる可能性があります。
D:\RPGgame\RPG\ゲーム\Project\GameProject\Maptip\Map.cpp(430,29): warning C4244: '引数': 'int' から 'float' への変換です。データが失われる可能性があります。
D:\RPGgame\RPG\ゲーム\Project\GameProject\Maptip\Map.cpp(429,30): warning C4244: '引数': 'int' から 'float' への変換です。データが失われる可能性があります。
D:\RPGgame\RPG\ゲーム\Project\GameProject\Maptip\Map.cpp(428,34): warning C4244: '引数': 'int' から 'float' への変換です。データが失われる可能性があります。
D:\RPGgame\RPG\ゲーム\Project\GameProject\Maptip\Map.cpp(433,30): warning C4244: '引数': 'int' から 'float' への変換です。データが失われる可能性があります。
D:\RPGgame\RPG\ゲーム\Project\GameProject\Maptip\Map.cpp(432,38): warning C4244: '引数': 'int' から 'float' への変換です。データが失われる可能性があります。
D:\RPGgame\RPG\ゲーム\Project\GameProject\Maptip\Map.cpp(444,30): warning C4244: '引数': 'int' から 'float' への変換です。データが失われる可能性があります。
D:\RPGgame\RPG\ゲーム\Project\GameProject\Maptip\Map.cpp(443,29): warning C4244: '引数': 'int' から 'float' への変換です。データが失われる可能性があります。
D:\RPGgame\RPG\ゲーム\Project\GameProject\Maptip\Map.cpp(442,30): warning C4244: '引数': 'int' から 'float' への変換です。データが失われる可能性があります。
D:\RPGgame\RPG\ゲーム\Project\GameProject\Maptip\Map.cpp(441,34): warning C4244: '引数': 'int' から 'float' への変換です。データが失われる可能性があります。
D:\RPGgame\RPG\ゲーム\Project\GameProject\Maptip\Map.cpp(446,30): warning C4244: '引数': 'int' から 'float' への変換です。データが失われる可能性があります。
D:\RPGgame\RPG\ゲーム\Project\GameProject\Maptip\Map.cpp(445,38): warning C4244: '引数': 'int' から 'float' への変換です。データが失われる可能性があります。
D:\RPGgame\RPG\ゲーム\Project\GameProject\Maptip\Map.cpp(460,30): warning C4244: '引数': 'int' から 'float' への変換です。データが失われる可能性があります。
D:\RPGgame\RPG\ゲーム\Project\GameProject\Maptip\Map.cpp(459,29): warning C4244: '引数': 'int' から 'float' への変換です。データが失われる可能性があります。
D:\RPGgame\RPG\ゲーム\Project\GameProject\Maptip\Map.cpp(458,30): warning C4244: '引数': 'int' から 'float' への変換です。データが失われる可能性があります。
D:\RPGgame\RPG\ゲーム\Project\GameProject\Maptip\Map.cpp(457,34): warning C4244: '引数': 'int' から 'float' への変換です。データが失われる可能性があります。
D:\RPGgame\RPG\ゲーム\Project\GameProject\Maptip\Map.cpp(462,30): warning C4244: '引数': 'int' から 'float' への変換です。データが失われる可能性があります。
D:\RPGgame\RPG\ゲーム\Project\GameProject\Maptip\Map.cpp(461,38): warning C4244: '引数': 'int' から 'float' への変換です。データが失われる可能性があります。
D:\RPGgame\RPG\ゲーム\Project\GameProject\Maptip\Map.cpp(475,30): warning C4244: '引数': 'int' から 'float' への変換です。データが失われる可能性があります。
D:\RPGgame\RPG\ゲーム\Project\GameProject\Maptip\Map.cpp(474,29): warning C4244: '引数': 'int' から 'float' への変換です。データが失われる可能性があります。
D:\RPGgame\RPG\ゲーム\Project\GameProject\Maptip\Map.cpp(473,30): warning C4244: '引数': 'int' から 'float' への変換です。データが失われる可能性があります。
D:\RPGgame\RPG\ゲーム\Project\GameProject\Maptip\Map.cpp(472,34): warning C4244: '引数': 'int' から 'float' への変換です。データが失われる可能性があります。
D:\RPGgame\RPG\ゲーム\Project\GameProject\Maptip\Map.cpp(477,30): warning C4244: '引数': 'int' から 'float' への変換です。データが失われる可能性があります。
D:\RPGgame\RPG\ゲーム\Project\GameProject\Maptip\Map.cpp(476,38): warning C4244: '引数': 'int' から 'float' への変換です。データが失われる可能性があります。
D:\RPGgame\RPG\ゲーム\Project\GameProject\Maptip\Map.cpp(488,30): warning C4244: '引数': 'int' から 'float' への変換です。データが失われる可能性があります。
D:\RPGgame\RPG\ゲーム\Project\GameProject\Maptip\Map.cpp(487,29): warning C4244: '引数': 'int' から 'float' への変換です。データが失われる可能性があります。
D:\RPGgame\RPG\ゲーム\Project\GameProject\Maptip\Map.cpp(486,30): warning C4244: '引数': 'int' から 'float' への変換です。データが失われる可能性があります。
D:\RPGgame\RPG\ゲーム\Project\GameProject\Maptip\Map.cpp(485,34): warning C4244: '引数': 'int' から 'float' への変換です。データが失われる可能性があります。
D:\RPGgame\RPG\ゲーム\Project\GameProject\Maptip\Map.cpp(490,30): warning C4244: '引数': 'int' から 'float' への変換です。データが失われる可能性があります。
D:\RPGgame\RPG\ゲーム\Project\GameProject\Maptip\Map.cpp(489,38): warning C4244: '引数': 'int' から 'float' への変換です。データが失われる可能性があります。
D:\RPGgame\RPG\ゲーム\Project\GameProject\Maptip\Map.cpp(501,30): warning C4244: '引数': 'int' から 'float' への変換です。データが失われる可能性があります。
D:\RPGgame\RPG\ゲーム\Project\GameProject\Maptip\Map.cpp(500,29): warning C4244: '引数': 'int' から 'float' への変換です。データが失われる可能性があります。
D:\RPGgame\RPG\ゲーム\Project\GameProject\Maptip\Map.cpp(499,30): warning C4244: '引数': 'int' から 'float' への変換です。データが失われる可能性があります。
D:\RPGgame\RPG\ゲーム\Project\GameProject\Maptip\Map.cpp(498,34): warning C4244: '引数': 'int' から 'float' への変換です。データが失われる可能性があります。
D:\RPGgame\RPG\ゲーム\Project\GameProject\Maptip\Map.cpp(503,30): warning C4244: '引数': 'int' から 'float' への変換です。データが失われる可能性があります。
D:\RPGgame\RPG\ゲーム\Project\GameProject\Maptip\Map.cpp(502,38): warning C4244: '引数': 'int' から 'float' への変換です。データが失われる可能性があります。
D:\RPGgame\RPG\ゲーム\Project\GameProject\Maptip\Map.cpp(514,30): warning C4244: '引数': 'int' から 'float' への変換です。データが失われる可能性があります。
D:\RPGgame\RPG\ゲーム\Project\GameProject\Maptip\Map.cpp(513,29): warning C4244: '引数': 'int' から 'float' への変換です。データが失われる可能性があります。
D:\RPGgame\RPG\ゲーム\Project\GameProject\Maptip\Map.cpp(512,30): warning C4244: '引数': 'int' から 'float' への変換です。データが失われる可能性があります。
D:\RPGgame\RPG\ゲーム\Project\GameProject\Maptip\Map.cpp(511,34): warning C4244: '引数': 'int' から 'float' への変換です。データが失われる可能性があります。
D:\RPGgame\RPG\ゲーム\Project\GameProject\Maptip\Map.cpp(516,30): warning C4244: '引数': 'int' から 'float' への変換です。データが失われる可能性があります。
D:\RPGgame\RPG\ゲーム\Project\GameProject\Maptip\Map.cpp(515,38): warning C4244: '引数': 'int' から 'float' への変換です。データが失われる可能性があります。
D:\RPGgame\RPG\ゲーム\Project\GameProject\Maptip\Map.cpp(528,30): warning C4244: '引数': 'int' から 'float' への変換です。データが失われる可能性があります。
D:\RPGgame\RPG\ゲーム\Project\GameProject\Maptip\Map.cpp(527,29): warning C4244: '引数': 'int' から 'float' への変換です。データが失われる可能性があります。
D:\RPGgame\RPG\ゲーム\Project\GameProject\Maptip\Map.cpp(526,30): warning C4244: '引数': 'int' から 'float' への変換です。データが失われる可能性があります。
D:\RPGgame\RPG\ゲーム\Project\GameProject\Maptip\Map.cpp(525,34): warning C4244: '引数': 'int' から 'float' への変換です。データが失われる可能性があります。
D:\RPGgame\RPG\ゲーム\Project\GameProject\Maptip\Map.cpp(530,30): warning C4244: '引数': 'int' から 'float' への変換です。データが失われる可能性があります。
D:\RPGgame\RPG\ゲーム\Project\GameProject\Maptip\Map.cpp(529,38): warning C4244: '引数': 'int' から 'float' への変換です。データが失われる可能性があります。
D:\RPGgame\RPG\ゲーム\Project\GameProject\Maptip\Map.cpp(541,30): warning C4244: '引数': 'int' から 'float' への変換です。データが失われる可能性があります。
D:\RPGgame\RPG\ゲーム\Project\GameProject\Maptip\Map.cpp(540,29): warning C4244: '引数': 'int' から 'float' への変換です。データが失われる可能性があります。
D:\RPGgame\RPG\ゲーム\Project\GameProject\Maptip\Map.cpp(539,30): warning C4244: '引数': 'int' から 'float' への変換です。データが失われる可能性があります。
D:\RPGgame\RPG\ゲーム\Project\GameProject\Maptip\Map.cpp(538,34): warning C4244: '引数': 'int' から 'float' への変換です。データが失われる可能性があります。
D:\RPGgame\RPG\ゲーム\Project\GameProject\Maptip\Map.cpp(543,30): warning C4244: '引数': 'int' から 'float' への変換です。データが失われる可能性があります。
D:\RPGgame\RPG\ゲーム\Project\GameProject\Maptip\Map.cpp(542,38): warning C4244: '引数': 'int' から 'float' への変換です。データが失われる可能性があります。
D:\RPGgame\RPG\ゲーム\Project\GameProject\Maptip\Map.cpp(553,30): warning C4244: '引数': 'int' から 'float' への変換です。データが失われる可能性があります。
D:\RPGgame\RPG\ゲーム\Project\GameProject\Maptip\Map.cpp(552,29): warning C4244: '引数': 'int' から 'float' への変換です。データが失われる可能性があります。
D:\RPGgame\RPG\ゲーム\Project\GameProject\Maptip\Map.cpp(551,30): warning C4244: '引数': 'int' から 'float' への変換です。データが失われる可能性があります。
D:\RPGgame\RPG\ゲーム\Project\GameProject\Maptip\Map.cpp(550,34): warning C4244: '引数': 'int' から 'float' への変換です。データが失われる可能性があります。
D:\RPGgame\RPG\ゲーム\Project\GameProject\Maptip\Map.cpp(555,30): warning C4244: '引数': 'int' から 'float' への変換です。データが失われる可能性があります。
D:\RPGgame\RPG\ゲーム\Project\GameProject\Maptip\Map.cpp(554,38): warning C4244: '引数': 'int' から 'float' への変換です。データが失われる可能性があります。
D:\RPGgame\RPG\ゲーム\Project\GameProject\Maptip\Map.cpp(565,30): warning C4244: '引数': 'int' から 'float' への変換です。データが失われる可能性があります。
D:\RPGgame\RPG\ゲーム\Project\GameProject\Maptip\Map.cpp(564,29): warning C4244: '引数': 'int' から 'float' への変換です。データが失われる可能性があります。
D:\RPGgame\RPG\ゲーム\Project\GameProject\Maptip\Map.cpp(563,30): warning C4244: '引数': 'int' から 'float' への変換です。データが失われる可能性があります。
D:\RPGgame\RPG\ゲーム\Project\GameProject\Maptip\Map.cpp(562,34): warning C4244: '引数': 'int' から 'float' への変換です。データが失われる可能性があります。
D:\RPGgame\RPG\ゲーム\Project\GameProject\Maptip\Map.cpp(567,30): warning C4244: '引数': 'int' から 'float' への変換です。データが失われる可能性があります。
D:\RPGgame\RPG\ゲーム\Project\GameProject\Maptip\Map.cpp(566,38): warning C4244: '引数': 'int' から 'float' への変換です。データが失われる可能性があります。
D:\RPGgame\RPG\ゲーム\Project\GameProject\Maptip\Map.cpp(582,30): warning C4244: '引数': 'int' から 'float' への変換です。データが失われる可能性があります。
D:\RPGgame\RPG\ゲーム\Project\GameProject\Maptip\Map.cpp(581,29): warning C4244: '引数': 'int' から 'float' への変換です。データが失われる可能性があります。
D:\RPGgame\RPG\ゲーム\Project\GameProject\Maptip\Map.cpp(580,30): warning C4244: '引数': 'int' から 'float' への変換です。データが失われる可能性があります。
D:\RPGgame\RPG\ゲーム\Project\GameProject\Maptip\Map.cpp(579,34): warning C4244: '引数': 'int' から 'float' への変換です。データが失われる可能性があります。
D:\RPGgame\RPG\ゲーム\Project\GameProject\Maptip\Map.cpp(584,30): warning C4244: '引数': 'int' から 'float' への変換です。データが失われる可能性があります。
D:\RPGgame\RPG\ゲーム\Project\GameProject\Maptip\Map.cpp(583,38): warning C4244: '引数': 'int' から 'float' への変換です。データが失われる可能性があります。
D:\RPGgame\RPG\ゲーム\Project\GameProject\Maptip\Map.cpp(593,30): warning C4244: '引数': 'int' から 'float' への変換です。データが失われる可能性があります。
D:\RPGgame\RPG\ゲーム\Project\GameProject\Maptip\Map.cpp(592,29): warning C4244: '引数': 'int' から 'float' への変換です。データが失われる可能性があります。
D:\RPGgame\RPG\ゲーム\Project\GameProject\Maptip\Map.cpp(591,30): warning C4244: '引数': 'int' から 'float' への変換です。データが失われる可能性があります。
D:\RPGgame\RPG\ゲーム\Project\GameProject\Maptip\Map.cpp(590,34): warning C4244: '引数': 'int' から 'float' への変換です。データが失われる可能性があります。
D:\RPGgame\RPG\ゲーム\Project\GameProject\Maptip\Map.cpp(595,30): warning C4244: '引数': 'int' から 'float' への変換です。データが失われる可能性があります。
D:\RPGgame\RPG\ゲーム\Project\GameProject\Maptip\Map.cpp(594,38): warning C4244: '引数': 'int' から 'float' への変換です。データが失われる可能性があります。
D:\RPGgame\RPG\ゲーム\Project\GameProject\Maptip\Map.cpp(605,30): warning C4244: '引数': 'int' から 'float' への変換です。データが失われる可能性があります。
D:\RPGgame\RPG\ゲーム\Project\GameProject\Maptip\Map.cpp(604,29): warning C4244: '引数': 'int' から 'float' への変換です。データが失われる可能性があります。
D:\RPGgame\RPG\ゲーム\Project\GameProject\Maptip\Map.cpp(603,30): warning C4244: '引数': 'int' から 'float' への変換です。データが失われる可能性があります。
D:\RPGgame\RPG\ゲーム\Project\GameProject\Maptip\Map.cpp(602,34): warning C4244: '引数': 'int' から 'float' への変換です。データが失われる可能性があります。
D:\RPGgame\RPG\ゲーム\Project\GameProject\Maptip\Map.cpp(607,30): warning C4244: '引数': 'int' から 'float' への変換です。データが失われる可能性があります。
D:\RPGgame\RPG\ゲーム\Project\GameProject\Maptip\Map.cpp(606,38): warning C4244: '引数': 'int' から 'float' への変換です。データが失われる可能性があります。
D:\RPGgame\RPG\ゲーム\Project\GameProject\Maptip\Map.cpp(615,30): warning C4244: '引数': 'int' から 'float' への変換です。データが失われる可能性があります。
D:\RPGgame\RPG\ゲーム\Project\GameProject\Maptip\Map.cpp(614,29): warning C4244: '引数': 'int' から 'float' への変換です。データが失われる可能性があります。
D:\RPGgame\RPG\ゲーム\Project\GameProject\Maptip\Map.cpp(613,30): warning C4244: '引数': 'int' から 'float' への変換です。データが失われる可能性があります。
D:\RPGgame\RPG\ゲーム\Project\GameProject\Maptip\Map.cpp(612,34): warning C4244: '引数': 'int' から 'float' への変換です。データが失われる可能性があります。
D:\RPGgame\RPG\ゲーム\Project\GameProject\Maptip\Map.cpp(617,30): warning C4244: '引数': 'int' から 'float' への変換です。データが失われる可能性があります。
D:\RPGgame\RPG\ゲーム\Project\GameProject\Maptip\Map.cpp(616,38): warning C4244: '引数': 'int' から 'float' への変換です。データが失われる可能性があります。
D:\RPGgame\RPG\ゲーム\Project\GameProject\Maptip\Map.cpp(629,30): warning C4244: '引数': 'int' から 'float' への変換です。データが失われる可能性があります。
D:\RPGgame\RPG\ゲーム\Project\GameProject\Maptip\Map.cpp(628,29): warning C4244: '引数': 'int' から 'float' への変換です。データが失われる可能性があります。
D:\RPGgame\RPG\ゲーム\Project\GameProject\Maptip\Map.cpp(627,30): warning C4244: '引数': 'int' から 'float' への変換です。データが失われる可能性があります。
D:\RPGgame\RPG\ゲーム\Project\GameProject\Maptip\Map.cpp(626,34): warning C4244: '引数': 'int' から 'float' への変換です。データが失われる可能性があります。
D:\RPGgame\RPG\ゲーム\Project\GameProject\Maptip\Map.cpp(631,30): warning C4244: '引数': 'int' から 'float' への変換です。データが失われる可能性があります。
D:\RPGgame\RPG\ゲーム\Project\GameProject\Maptip\Map.cpp(630,38): warning C4244: '引数': 'int' から 'float' への変換です。データが失われる可能性があります。
D:\RPGgame\RPG\ゲーム\Project\GameProject\Maptip\Map.cpp(641,30): warning C4244: '引数': 'int' から 'float' への変換です。データが失われる可能性があります。
D:\RPGgame\RPG\ゲーム\Project\GameProject\Maptip\Map.cpp(640,29): warning C4244: '引数': 'int' から 'float' への変換です。データが失われる可能性があります。
D:\RPGgame\RPG\ゲーム\Project\GameProject\Maptip\Map.cpp(639,30): warning C4244: '引数': 'int' から 'float' への変換です。データが失われる可能性があります。
D:\RPGgame\RPG\ゲーム\Project\GameProject\Maptip\Map.cpp(638,34): warning C4244: '引数': 'int' から 'float' への変換です。データが失われる可能性があります。
D:\RPGgame\RPG\ゲーム\Project\GameProject\Maptip\Map.cpp(643,30): warning C4244: '引数': 'int' から 'float' への変換です。データが失われる可能性があります。
D:\RPGgame\RPG\ゲーム\Project\GameProject\Maptip\Map.cpp(642,38): warning C4244: '引数': 'int' から 'float' への変換です。データが失われる可能性があります。
D:\RPGgame\RPG\ゲーム\Project\GameProject\Maptip\Map.cpp(654,30): warning C4244: '引数': 'int' から 'float' への変換です。データが失われる可能性があります。
D:\RPGgame\RPG\ゲーム\Project\GameProject\Maptip\Map.cpp(653,29): warning C4244: '引数': 'int' から 'float' への変換です。データが失われる可能性があります。
D:\RPGgame\RPG\ゲーム\Project\GameProject\Maptip\Map.cpp(652,30): warning C4244: '引数': 'int' から 'float' への変換です。データが失われる可能性があります。
D:\RPGgame\RPG\ゲーム\Project\GameProject\Maptip\Map.cpp(651,34): warning C4244: '引数': 'int' から 'float' への変換です。データが失われる可能性があります。
D:\RPGgame\RPG\ゲーム\Project\GameProject\Maptip\Map.cpp(656,30): warning C4244: '引数': 'int' から 'float' への変換です。データが失われる可能性があります。
D:\RPGgame\RPG\ゲーム\Project\GameProject\Maptip\Map.cpp(655,38): warning C4244: '引数': 'int' から 'float' への変換です。データが失われる可能性があります。
D:\RPGgame\RPG\ゲーム\Project\GameProject\Maptip\Map.cpp(664,30): warning C4244: '引数': 'int' から 'float' への変換です。データが失われる可能性があります。
D:\RPGgame\RPG\ゲーム\Project\GameProject\Maptip\Map.cpp(663,29): warning C4244: '引数': 'int' から 'float' への変換です。データが失われる可能性があります。
D:\RPGgame\RPG\ゲーム\Project\GameProject\Maptip\Map.cpp(662,30): warning C4244: '引数': 'int' から 'float' への変換です。データが失われる可能性があります。
D:\RPGgame\RPG\ゲーム\Project\GameProject\Maptip\Map.cpp(661,34): warning C4244: '引数': 'int' から 'float' への変換です。データが失われる可能性があります。
D:\RPGgame\RPG\ゲーム\Project\GameProject\Maptip\Map.cpp(666,30): warning C4244: '引数': 'int' から 'float' への変換です。データが失われる可能性があります。
D:\RPGgame\RPG\ゲーム\Project\GameProject\Maptip\Map.cpp(665,38): warning C4244: '引数': 'int' から 'float' への変換です。データが失われる可能性があります。
D:\RPGgame\RPG\ゲーム\Project\GameProject\Maptip\Map.cpp(691,8): warning C4244: '初期化中': 'double' から 'int' への変換です。データが失われる可能性があります。
D:\RPGgame\RPG\ゲーム\Project\GameProject\Maptip\Map.cpp(694,10): warning C4244: '初期化中': 'float' から 'int' への変換です。データが失われる可能性があります。
D:\RPGgame\RPG\ゲーム\Project\GameProject\Maptip\Map.cpp(695,10): warning C4244: '初期化中': 'float' から 'int' への変換です。データが失われる可能性があります。
D:\RPGgame\RPG\ゲーム\Project\GameProject\Maptip\Map.cpp(697,9): warning C4244: '初期化中': 'float' から 'int' への変換です。データが失われる可能性があります。
D:\RPGgame\RPG\ゲーム\Project\GameProject\Maptip\Map.cpp(700,9): warning C4018: '>': signed と unsigned の数値を比較しようとしました。
D:\RPGgame\RPG\ゲーム\Project\GameProject\Maptip\Map.cpp(702,9): warning C4244: '初期化中': 'float' から 'int' への変換です。データが失われる可能性があります。
D:\RPGgame\RPG\ゲーム\Project\GameProject\Maptip\Map.cpp(705,9): warning C4018: '>': signed と unsigned の数値を比較しようとしました。
D:\RPGgame\RPG\ゲーム\Project\GameProject\Maptip\Map.cpp(721,86): warning C4244: '引数': 'int' から 'float' への変換です。データが失われる可能性があります。
D:\RPGgame\RPG\ゲーム\Project\GameProject\Maptip\Map.cpp(721,58): warning C4244: '引数': 'int' から 'float' への変換です。データが失われる可能性があります。
D:\RPGgame\RPG\ゲーム\Project\GameProject\Maptip\Map.cpp(723,128): warning C4244: '引数': 'int' から 'float' への変換です。データが失われる可能性があります。
D:\RPGgame\RPG\ゲーム\Project\GameProject\Maptip\Map.cpp(723,93): warning C4244: '引数': 'int' から 'float' への変換です。データが失われる可能性があります。
D:\RPGgame\RPG\ゲーム\Project\GameProject\Maptip\Map.cpp(723,57): warning C4244: '引数': 'int' から 'float' への変換です。データが失われる可能性があります。
D:\RPGgame\RPG\ゲーム\Project\GameProject\Maptip\Map.cpp(723,28): warning C4244: '引数': 'int' から 'float' への変換です。データが失われる可能性があります。
D:\RPGgame\RPG\ゲーム\Project\GameProject\Maptip\Map.cpp(737,8): warning C4244: '初期化中': 'float' から 'int' への変換です。データが失われる可能性があります。
D:\RPGgame\RPG\ゲーム\Project\GameProject\Maptip\Map.cpp(740,8): warning C4018: '>': signed と unsigned の数値を比較しようとしました。
D:\RPGgame\RPG\ゲーム\Project\GameProject\Maptip\Map.cpp(742,8): warning C4244: '初期化中': 'float' から 'int' への変換です。データが失われる可能性があります。
D:\RPGgame\RPG\ゲーム\Project\GameProject\Maptip\Map.cpp(745,8): warning C4018: '>': signed と unsigned の数値を比較しようとしました。
  kamano.cpp
  AnimData.cpp
  Canvas.cpp
  Gameclear.cpp
  Gameover.cpp
  Gauge.cpp
D:\RPGgame\RPG\ゲーム\Project\GameProject\UI\Gauge.cpp(20,12): warning C4244: '初期化中': 'float' から 'int' への変換です。データが失われる可能性があります。
D:\RPGgame\RPG\ゲーム\Project\GameProject\UI\Gauge.cpp(22,63): warning C4244: '引数': 'int' から 'float' への変換です。データが失われる可能性があります。
D:\RPGgame\RPG\ゲーム\Project\GameProject\UI\Gauge.cpp(22,42): warning C4244: '引数': 'int' から 'float' への変換です。データが失われる可能性があります。
D:\RPGgame\RPG\ゲーム\Project\GameProject\UI\Gauge.cpp(22,31): warning C4244: '引数': 'int' から 'float' への変換です。データが失われる可能性があります。
D:\RPGgame\RPG\ゲーム\Project\GameProject\UI\Gauge.cpp(22,16): warning C4244: '引数': 'int' から 'float' への変換です。データが失われる可能性があります。
D:\RPGgame\RPG\ゲーム\Project\GameProject\UI\Gauge.cpp(23,35): warning C4244: '引数': 'int' から 'float' への変換です。データが失われる可能性があります。
D:\RPGgame\RPG\ゲーム\Project\GameProject\UI\Gauge.cpp(23,16): warning C4244: '引数': 'int' から 'float' への変換です。データが失われる可能性があります。
D:\RPGgame\RPG\ゲーム\Project\GameProject\UI\Gauge.cpp(24,39): warning C4244: '引数': 'int' から 'float' への変換です。データが失われる可能性があります。
D:\RPGgame\RPG\ゲーム\Project\GameProject\UI\Gauge.cpp(24,31): warning C4244: '引数': 'int' から 'float' への変換です。データが失われる可能性があります。
  Save.cpp
  Title.cpp
  コードを生成中...
GLFW.lib(init.obj) : warning LNK4099: PDB '' が 'GLFW.lib(init.obj)' で、または '' に見つかりません。デバッグ情報がないものとして、オブジェクトにリンクします。
GLFW.lib(window.obj) : warning LNK4099: PDB '' が 'GLFW.lib(window.obj)' で、または '' に見つかりません。デバッグ情報がないものとして、オブジェクトにリンクします。
GLFW.lib(input.obj) : warning LNK4099: PDB '' が 'GLFW.lib(input.obj)' で、または '' に見つかりません。デバッグ情報がないものとして、オブジェクトにリンクします。
GLFW.lib(context.obj) : warning LNK4099: PDB '' が 'GLFW.lib(context.obj)' で、または '' に見つかりません。デバッグ情報がないものとして、オブジェクトにリンクします。
GLFW.lib(win32_init.obj) : warning LNK4099: PDB '' が 'GLFW.lib(win32_init.obj)' で、または '' に見つかりません。デバッグ情報がないものとして、オブジェクトにリンクします。
  glew.lib(glew.obj) : MSIL .netmodule または /GL を伴ってコンパイルされたモジュールが見つかりました。/LTCG を使用して再開始してください。リンカーのパフォーマンスを向上させるためには、コマンドラインに /LTCG を追加してください。
GLFW.lib(win32_monitor.obj) : warning LNK4099: PDB '' が 'GLFW.lib(win32_monitor.obj)' で、または '' に見つかりません。デバッグ情報がないものとして、オブジェクトにリンクします。
GLFW.lib(win32_time.obj) : warning LNK4099: PDB '' が 'GLFW.lib(win32_time.obj)' で、または '' に見つかりません。デバッグ情報がないものとして、オブジェクトにリンクします。
GLFW.lib(monitor.obj) : warning LNK4099: PDB '' が 'GLFW.lib(monitor.obj)' で、または '' に見つかりません。デバッグ情報がないものとして、オブジェクトにリンクします。
GLFW.lib(vulkan.obj) : warning LNK4099: PDB '' が 'GLFW.lib(vulkan.obj)' で、または '' に見つかりません。デバッグ情報がないものとして、オブジェクトにリンクします。
GLFW.lib(win32_window.obj) : warning LNK4099: PDB '' が 'GLFW.lib(win32_window.obj)' で、または '' に見つかりません。デバッグ情報がないものとして、オブジェクトにリンクします。
GLFW.lib(win32_tls.obj) : warning LNK4099: PDB '' が 'GLFW.lib(win32_tls.obj)' で、または '' に見つかりません。デバッグ情報がないものとして、オブジェクトにリンクします。
GLFW.lib(win32_joystick.obj) : warning LNK4099: PDB '' が 'GLFW.lib(win32_joystick.obj)' で、または '' に見つかりません。デバッグ情報がないものとして、オブジェクトにリンクします。
GLFW.lib(wgl_context.obj) : warning LNK4099: PDB '' が 'GLFW.lib(wgl_context.obj)' で、または '' に見つかりません。デバッグ情報がないものとして、オブジェクトにリンクします。
GLFW.lib(egl_context.obj) : warning LNK4099: PDB '' が 'GLFW.lib(egl_context.obj)' で、または '' に見つかりません。デバッグ情報がないものとして、オブジェクトにリンクします。
LINK : warning LNK4075: /INCREMENTAL は /LTCG の指定によって無視されます。
     ライブラリ D:\RPGgame\RPG\ゲーム\Project\/../Game/GameProject.lib とオブジェクト D:\RPGgame\RPG\ゲーム\Project\/../Game/GameProject.exp を作成中
LINK : warning LNK4098: defaultlib 'LIBCMT' は他のライブラリの使用と競合しています。/NODEFAULTLIB:library を使用してください。
  コード生成しています。
  コード生成が終了しました。
GLFW.lib(init.obj) : warning LNK4099: PDB '' が 'GLFW.lib(init.obj)' で、または '' に見つかりません。デバッグ情報がないものとして、オブジェクトにリンクします。
GLFW.lib(window.obj) : warning LNK4099: PDB '' が 'GLFW.lib(window.obj)' で、または '' に見つかりません。デバッグ情報がないものとして、オブジェクトにリンクします。
GLFW.lib(input.obj) : warning LNK4099: PDB '' が 'GLFW.lib(input.obj)' で、または '' に見つかりません。デバッグ情報がないものとして、オブジェクトにリンクします。
GLFW.lib(context.obj) : warning LNK4099: PDB '' が 'GLFW.lib(context.obj)' で、または '' に見つかりません。デバッグ情報がないものとして、オブジェクトにリンクします。
GLFW.lib(win32_init.obj) : warning LNK4099: PDB '' が 'GLFW.lib(win32_init.obj)' で、または '' に見つかりません。デバッグ情報がないものとして、オブジェクトにリンクします。
GLFW.lib(win32_monitor.obj) : warning LNK4099: PDB '' が 'GLFW.lib(win32_monitor.obj)' で、または '' に見つかりません。デバッグ情報がないものとして、オブジェクトにリンクします。
GLFW.lib(win32_time.obj) : warning LNK4099: PDB '' が 'GLFW.lib(win32_time.obj)' で、または '' に見つかりません。デバッグ情報がないものとして、オブジェクトにリンクします。
GLFW.lib(monitor.obj) : warning LNK4099: PDB '' が 'GLFW.lib(monitor.obj)' で、または '' に見つかりません。デバッグ情報がないものとして、オブジェクトにリンクします。
GLFW.lib(vulkan.obj) : warning LNK4099: PDB '' が 'GLFW.lib(vulkan.obj)' で、または '' に見つかりません。デバッグ情報がないものとして、オブジェクトにリンクします。
GLFW.lib(win32_window.obj) : warning LNK4099: PDB '' が 'GLFW.lib(win32_window.obj)' で、または '' に見つかりません。デバッグ情報がないものとして、オブジェクトにリンクします。
GLFW.lib(win32_tls.obj) : warning LNK4099: PDB '' が 'GLFW.lib(win32_tls.obj)' で、または '' に見つかりません。デバッグ情報がないものとして、オブジェクトにリンクします。
GLFW.lib(win32_joystick.obj) : warning LNK4099: PDB '' が 'GLFW.lib(win32_joystick.obj)' で、または '' に見つかりません。デバッグ情報がないものとして、オブジェクトにリンクします。
GLFW.lib(wgl_context.obj) : warning LNK4099: PDB '' が 'GLFW.lib(wgl_context.obj)' で、または '' に見つかりません。デバッグ情報がないものとして、オブジェクトにリンクします。
GLFW.lib(egl_context.obj) : warning LNK4099: PDB '' が 'GLFW.lib(egl_context.obj)' で、または '' に見つかりません。デバッグ情報がないものとして、オブジェクトにリンクします。
ftgl_static_D.lib(FTFont.obj) : warning LNK4099: PDB '' が 'ftgl_static_D.lib(FTFont.obj)' で、または '' に見つかりません。デバッグ情報がないものとして、オブジェクトにリンクします。
ftgl_static_D.lib(FTPixmapFont.obj) : warning LNK4099: PDB '' が 'ftgl_static_D.lib(FTPixmapFont.obj)' で、または '' に見つかりません。デバッグ情報がないものとして、オブジェクトにリンクします。
ftgl_static_D.lib(FTSize.obj) : warning LNK4099: PDB '' が 'ftgl_static_D.lib(FTSize.obj)' で、または '' に見つかりません。デバッグ情報がないものとして、オブジェクトにリンクします。
ftgl_static_D.lib(FTFace.obj) : warning LNK4099: PDB '' が 'ftgl_static_D.lib(FTFace.obj)' で、または '' に見つかりません。デバッグ情報がないものとして、オブジェクトにリンクします。
ftgl_static_D.lib(FTGlyphContainer.obj) : warning LNK4099: PDB '' が 'ftgl_static_D.lib(FTGlyphContainer.obj)' で、または '' に見つかりません。デバッグ情報がないものとして、オブジェクトにリンクします。
ftgl_static_D.lib(FTPixmapGlyph.obj) : warning LNK4099: PDB '' が 'ftgl_static_D.lib(FTPixmapGlyph.obj)' で、または '' に見つかりません。デバッグ情報がないものとして、オブジェクトにリンクします。
ftgl_static_D.lib(FTLibrary.obj) : warning LNK4099: PDB '' が 'ftgl_static_D.lib(FTLibrary.obj)' で、または '' に見つかりません。デバッグ情報がないものとして、オブジェクトにリンクします。
ftgl_static_D.lib(FTCharmap.obj) : warning LNK4099: PDB '' が 'ftgl_static_D.lib(FTCharmap.obj)' で、または '' に見つかりません。デバッグ情報がないものとして、オブジェクトにリンクします。
ftgl_static_D.lib(FTGlyph.obj) : warning LNK4099: PDB '' が 'ftgl_static_D.lib(FTGlyph.obj)' で、または '' に見つかりません。デバッグ情報がないものとして、オブジェクトにリンクします。
freetyped.lib(ftbase.obj) : warning LNK4099: PDB '' が 'freetyped.lib(ftbase.obj)' で、または '' に見つかりません。デバッグ情報がないものとして、オブジェクトにリンクします。
freetyped.lib(ftinit.obj) : warning LNK4099: PDB '' が 'freetyped.lib(ftinit.obj)' で、または '' に見つかりません。デバッグ情報がないものとして、オブジェクトにリンクします。
freetyped.lib(ftsystem.obj) : warning LNK4099: PDB '' が 'freetyped.lib(ftsystem.obj)' で、または '' に見つかりません。デバッグ情報がないものとして、オブジェクトにリンクします。
freetyped.lib(autofit.obj) : warning LNK4099: PDB '' が 'freetyped.lib(autofit.obj)' で、または '' に見つかりません。デバッグ情報がないものとして、オブジェクトにリンクします。
freetyped.lib(truetype.obj) : warning LNK4099: PDB '' が 'freetyped.lib(truetype.obj)' で、または '' に見つかりません。デバッグ情報がないものとして、オブジェクトにリンクします。
freetyped.lib(type1.obj) : warning LNK4099: PDB '' が 'freetyped.lib(type1.obj)' で、または '' に見つかりません。デバッグ情報がないものとして、オブジェクトにリンクします。
freetyped.lib(cff.obj) : warning LNK4099: PDB '' が 'freetyped.lib(cff.obj)' で、または '' に見つかりません。デバッグ情報がないものとして、オブジェクトにリンクします。
freetyped.lib(type1cid.obj) : warning LNK4099: PDB '' が 'freetyped.lib(type1cid.obj)' で、または '' に見つかりません。デバッグ情報がないものとして、オブジェクトにリンクします。
freetyped.lib(pfr.obj) : warning LNK4099: PDB '' が 'freetyped.lib(pfr.obj)' で、または '' に見つかりません。デバッグ情報がないものとして、オブジェクトにリンクします。
freetyped.lib(type42.obj) : warning LNK4099: PDB '' が 'freetyped.lib(type42.obj)' で、または '' に見つかりません。デバッグ情報がないものとして、オブジェクトにリンクします。
freetyped.lib(winfnt.obj) : warning LNK4099: PDB '' が 'freetyped.lib(winfnt.obj)' で、または '' に見つかりません。デバッグ情報がないものとして、オブジェクトにリンクします。
freetyped.lib(pcf.obj) : warning LNK4099: PDB '' が 'freetyped.lib(pcf.obj)' で、または '' に見つかりません。デバッグ情報がないものとして、オブジェクトにリンクします。
freetyped.lib(bdf.obj) : warning LNK4099: PDB '' が 'freetyped.lib(bdf.obj)' で、または '' に見つかりません。デバッグ情報がないものとして、オブジェクトにリンクします。
freetyped.lib(psaux.obj) : warning LNK4099: PDB '' が 'freetyped.lib(psaux.obj)' で、または '' に見つかりません。デバッグ情報がないものとして、オブジェクトにリンクします。
freetyped.lib(psnames.obj) : warning LNK4099: PDB '' が 'freetyped.lib(psnames.obj)' で、または '' に見つかりません。デバッグ情報がないものとして、オブジェクトにリンクします。
freetyped.lib(pshinter.obj) : warning LNK4099: PDB '' が 'freetyped.lib(pshinter.obj)' で、または '' に見つかりません。デバッグ情報がないものとして、オブジェクトにリンクします。
freetyped.lib(sfnt.obj) : warning LNK4099: PDB '' が 'freetyped.lib(sfnt.obj)' で、または '' に見つかりません。デバッグ情報がないものとして、オブジェクトにリンクします。
freetyped.lib(smooth.obj) : warning LNK4099: PDB '' が 'freetyped.lib(smooth.obj)' で、または '' に見つかりません。デバッグ情報がないものとして、オブジェクトにリンクします。
freetyped.lib(raster.obj) : warning LNK4099: PDB '' が 'freetyped.lib(raster.obj)' で、または '' に見つかりません。デバッグ情報がないものとして、オブジェクトにリンクします。
freetyped.lib(sdf.obj) : warning LNK4099: PDB '' が 'freetyped.lib(sdf.obj)' で、または '' に見つかりません。デバッグ情報がないものとして、オブジェクトにリンクします。
freetyped.lib(ftgzip.obj) : warning LNK4099: PDB '' が 'freetyped.lib(ftgzip.obj)' で、または '' に見つかりません。デバッグ情報がないものとして、オブジェクトにリンクします。
freetyped.lib(ftlzw.obj) : warning LNK4099: PDB '' が 'freetyped.lib(ftlzw.obj)' で、または '' に見つかりません。デバッグ情報がないものとして、オブジェクトにリンクします。
freetyped.lib(ftbitmap.obj) : warning LNK4099: PDB '' が 'freetyped.lib(ftbitmap.obj)' で、または '' に見つかりません。デバッグ情報がないものとして、オブジェクトにリンクします。
freetyped.lib(ftdebug.obj) : warning LNK4099: PDB '' が 'freetyped.lib(ftdebug.obj)' で、または '' に見つかりません。デバッグ情報がないものとして、オブジェクトにリンクします。
alut.lib(alutInit.obj) : warning LNK4099: PDB '' が 'alut.lib(alutInit.obj)' で、または '' に見つかりません。デバッグ情報がないものとして、オブジェクトにリンクします。
alut.lib(alutLoader.obj) : warning LNK4099: PDB '' が 'alut.lib(alutLoader.obj)' で、または '' に見つかりません。デバッグ情報がないものとして、オブジェクトにリンクします。
alut.lib(alutError.obj) : warning LNK4099: PDB '' が 'alut.lib(alutError.obj)' で、または '' に見つかりません。デバッグ情報がないものとして、オブジェクトにリンクします。
alut.lib(alutCodec.obj) : warning LNK4099: PDB '' が 'alut.lib(alutCodec.obj)' で、または '' に見つかりません。デバッグ情報がないものとして、オブジェクトにリンクします。
alut.lib(alutInputStream.obj) : warning LNK4099: PDB '' が 'alut.lib(alutInputStream.obj)' で、または '' に見つかりません。デバッグ情報がないものとして、オブジェクトにリンクします。
alut.lib(alutBufferData.obj) : warning LNK4099: PDB '' が 'alut.lib(alutBufferData.obj)' で、または '' に見つかりません。デバッグ情報がないものとして、オブジェクトにリンクします。
alut.lib(alutUtil.obj) : warning LNK4099: PDB '' が 'alut.lib(alutUtil.obj)' で、または '' に見つかりません。デバッグ情報がないものとして、オブジェクトにリンクします。
glew.lib(glew.obj) : warning LNK4099: PDB '' が 'glew.lib(glew.obj)' で、または '' に見つかりません。デバッグ情報がないものとして、オブジェクトにリンクします。
glpngd.lib(glpng.obj) : warning LNK4099: PDB '' が 'glpngd.lib(glpng.obj)' で、または '' に見つかりません。デバッグ情報がないものとして、オブジェクトにリンクします。
glpngd.lib(pngrtran.obj) : warning LNK4099: PDB '' が 'glpngd.lib(pngrtran.obj)' で、または '' に見つかりません。デバッグ情報がないものとして、オブジェクトにリンクします。
glpngd.lib(png.obj) : warning LNK4099: PDB '' が 'glpngd.lib(png.obj)' で、または '' に見つかりません。デバッグ情報がないものとして、オブジェクトにリンクします。
glpngd.lib(pngread.obj) : warning LNK4099: PDB '' が 'glpngd.lib(pngread.obj)' で、または '' に見つかりません。デバッグ情報がないものとして、オブジェクトにリンクします。
glpngd.lib(pngget.obj) : warning LNK4099: PDB '' が 'glpngd.lib(pngget.obj)' で、または '' に見つかりません。デバッグ情報がないものとして、オブジェクトにリンクします。
glpngd.lib(pngmem.obj) : warning LNK4099: PDB '' が 'glpngd.lib(pngmem.obj)' で、または '' に見つかりません。デバッグ情報がないものとして、オブジェクトにリンクします。
glpngd.lib(pngtrans.obj) : warning LNK4099: PDB '' が 'glpngd.lib(pngtrans.obj)' で、または '' に見つかりません。デバッグ情報がないものとして、オブジェクトにリンクします。
glpngd.lib(pngerror.obj) : warning LNK4099: PDB '' が 'glpngd.lib(pngerror.obj)' で、または '' に見つかりません。デバッグ情報がないものとして、オブジェクトにリンクします。
glpngd.lib(crc32.obj) : warning LNK4099: PDB '' が 'glpngd.lib(crc32.obj)' で、または '' に見つかりません。デバッグ情報がないものとして、オブジェクトにリンクします。
glpngd.lib(inflate.obj) : warning LNK4099: PDB '' が 'glpngd.lib(inflate.obj)' で、または '' に見つかりません。デバッグ情報がないものとして、オブジェクトにリンクします。
glpngd.lib(pngrutil.obj) : warning LNK4099: PDB '' が 'glpngd.lib(pngrutil.obj)' で、または '' に見つかりません。デバッグ情報がないものとして、オブジェクトにリンクします。
glpngd.lib(pngrio.obj) : warning LNK4099: PDB '' が 'glpngd.lib(pngrio.obj)' で、または '' に見つかりません。デバッグ情報がないものとして、オブジェクトにリンクします。
glpngd.lib(zutil.obj) : warning LNK4099: PDB '' が 'glpngd.lib(zutil.obj)' で、または '' に見つかりません。デバッグ情報がないものとして、オブジェクトにリンクします。
glpngd.lib(infblock.obj) : warning LNK4099: PDB '' が 'glpngd.lib(infblock.obj)' で、または '' に見つかりません。デバッグ情報がないものとして、オブジェクトにリンクします。
glpngd.lib(adler32.obj) : warning LNK4099: PDB '' が 'glpngd.lib(adler32.obj)' で、または '' に見つかりません。デバッグ情報がないものとして、オブジェクトにリンクします。
glpngd.lib(pngset.obj) : warning LNK4099: PDB '' が 'glpngd.lib(pngset.obj)' で、または '' に見つかりません。デバッグ情報がないものとして、オブジェクトにリンクします。
glpngd.lib(infutil.obj) : warning LNK4099: PDB '' が 'glpngd.lib(infutil.obj)' で、または '' に見つかりません。デバッグ情報がないものとして、オブジェクトにリンクします。
glpngd.lib(inftrees.obj) : warning LNK4099: PDB '' が 'glpngd.lib(inftrees.obj)' で、または '' に見つかりません。デバッグ情報がないものとして、オブジェクトにリンクします。
glpngd.lib(infcodes.obj) : warning LNK4099: PDB '' が 'glpngd.lib(infcodes.obj)' で、または '' に見つかりません。デバッグ情報がないものとして、オブジェクトにリンクします。
glpngd.lib(inffast.obj) : warning LNK4099: PDB '' が 'glpngd.lib(inffast.obj)' で、または '' に見つかりません。デバッグ情報がないものとして、オブジェクトにリンクします。
LINK : warning LNK4286: シンボル '??0FTPoint@@QEAA@XZ (public: __cdecl FTPoint::FTPoint(void))' ('ftgl_static_D.lib(FTFont.obj)' で定義) が 'GLLibrary.lib(CFont.obj)' によってインポートされています
LINK : warning LNK4286: シンボル '??0FTPixmapFont@@QEAA@PEBD@Z (public: __cdecl FTPixmapFont::FTPixmapFont(char const *))' ('ftgl_static_D.lib(FTPixmapFont.obj)' で定義) が 'GLLibrary.lib(CFont.obj)' によってインポートされています
LINK : warning LNK4286: シンボル '??1FTPixmapFont@@UEAA@XZ (public: virtual __cdecl FTPixmapFont::~FTPixmapFont(void))' ('ftgl_static_D.lib(FTPixmapFont.obj)' で定義) が 'GLLibrary.lib(CFont.obj)' によってインポートされています
LINK : warning LNK4286: シンボル 'alcCreateContext' ('OpenAL32.lib(ALc.obj)' で定義) が 'alut.lib(alutInit.obj)' によってインポートされています
LINK : warning LNK4286: シンボル 'alcMakeContextCurrent' ('OpenAL32.lib(ALc.obj)' で定義) が 'alut.lib(alutInit.obj)' によってインポートされています
LINK : warning LNK4286: シンボル 'alcDestroyContext' ('OpenAL32.lib(ALc.obj)' で定義) が 'alut.lib(alutInit.obj)' によってインポートされています
LINK : warning LNK4286: シンボル 'alcGetCurrentContext' ('OpenAL32.lib(ALc.obj)' で定義) が 'alut.lib(alutInit.obj)' によってインポートされています
LINK : warning LNK4286: シンボル 'alcGetContextsDevice' ('OpenAL32.lib(ALc.obj)' で定義) が 'alut.lib(alutInit.obj)' によってインポートされています
LINK : warning LNK4286: シンボル 'alcOpenDevice' ('OpenAL32.lib(ALc.obj)' で定義) が 'alut.lib(alutInit.obj)' によってインポートされています
LINK : warning LNK4286: シンボル 'alcCloseDevice' ('OpenAL32.lib(ALc.obj)' で定義) が 'alut.lib(alutInit.obj)' によってインポートされています
LINK : warning LNK4286: シンボル 'alcGetError' ('OpenAL32.lib(ALc.obj)' で定義) が 'alut.lib(alutInit.obj)' によってインポートされています
LINK : warning LNK4286: シンボル 'alGetError' ('OpenAL32.lib(alError.obj)' で定義) が 'alut.lib(alutInit.obj)' によってインポートされています
LINK : warning LNK4286: シンボル 'alGetError' ('OpenAL32.lib(alError.obj)' で定義) が 'alut.lib(alutBufferData.obj)' によってインポートされています
LINK : warning LNK4286: シンボル 'alGenBuffers' ('OpenAL32.lib(alBuffer.obj)' で定義) が 'alut.lib(alutBufferData.obj)' によってインポートされています
LINK : warning LNK4286: シンボル 'alBufferData' ('OpenAL32.lib(alBuffer.obj)' で定義) が 'alut.lib(alutBufferData.obj)' によってインポートされています
  GameProject.vcxproj -> D:\RPGgame\RPG\ゲーム\Game\GameProject.exe
